<?xml version="1.0" encoding="UTF-8"?>
<testng-results ignored="0" total="1" passed="1" failed="0" skipped="0">
  <reporter-output>
  </reporter-output>
  <suite started-at="2024-05-04T16:48:55 IST" name="Default suite" finished-at="2024-05-04T16:49:00 IST" duration-ms="4442">
    <groups>
    </groups>
    <test started-at="2024-05-04T16:48:55 IST" name="Default test" finished-at="2024-05-04T16:49:00 IST" duration-ms="4442">
      <class name="com.pet.api.CreatePetTest">
        <test-method signature="createTest()[pri:0, instance:com.pet.api.CreatePetTest@54eb2b70]" started-at="2024-05-04T16:48:56 IST" name="createTest" finished-at="2024-05-04T16:49:00 IST" duration-ms="4271" status="PASS">
          <reporter-output>
          </reporter-output>
        </test-method> <!-- createTest -->
      </class> <!-- com.pet.api.CreatePetTest -->
    </test> <!-- Default test -->
  </suite> <!-- Default suite -->
</testng-results>
